\BOOKMARK [1][-]{Rfn.BlurSignal.1}{BlurSignal}{}
\BOOKMARK [1][-]{Rfn.FWT.Rul.TI.1}{FWT\137TI}{}
\BOOKMARK [1][-]{Rfn.FWaveD.1}{FWaveD}{}
\BOOKMARK [1][-]{Rfn.HardThresh.1}{HardThresh}{}
\BOOKMARK [1][-]{Rfn.IFWT.Rul.TI.1}{IFWT\137TI}{}
\BOOKMARK [1][-]{Rfn.IWaveD.1}{IWaveD}{}
\BOOKMARK [1][-]{Rfn.MeyerWindow.1}{MeyerWindow}{}
\BOOKMARK [1][-]{Rfn.MultiThresh1.1}{MultiThresh1}{}
\BOOKMARK [1][-]{Rfn.PhaseC.1}{PhaseC}{}
\BOOKMARK [1][-]{Rfn.SoftThresh.1}{SoftThresh}{}
\BOOKMARK [1][-]{Rfn.WaveD.1}{WaveD}{}
\BOOKMARK [1][-]{Rfn.WaveDjC.1}{WaveDjC}{}
\BOOKMARK [1][-]{Rfn.WaveDjD.1}{WaveDjD}{}
\BOOKMARK [1][-]{Rfn.WaveDjF.1}{WaveDjF}{}
\BOOKMARK [1][-]{Rfn.dyad.1}{dyad}{}
\BOOKMARK [1][-]{Rfn.dyadjk.1}{dyadjk}{}
\BOOKMARK [1][-]{Rfn.fftshift.1}{fftshift}{}
\BOOKMARK [1][-]{Rfn.find.j1.1}{find.j1}{}
\BOOKMARK [1][-]{Rfn.findONE.1}{findONE}{}
\BOOKMARK [1][-]{Rfn.findZERO.1}{findZERO}{}
\BOOKMARK [1][-]{Rfn.fine.Rul.YM.1}{fine\137YM}{}
\BOOKMARK [1][-]{Rfn.make.doppler.1}{make.doppler}{}
\BOOKMARK [1][-]{Rfn.make.lidar.1}{make.lidar}{}
\BOOKMARK [1][-]{Rfn.maxithresh.1}{maxithresh}{}
\BOOKMARK [1][-]{Rfn.multires.1}{multires}{}
\BOOKMARK [1][-]{Rfn.phyHAT.1}{phyHAT}{}
\BOOKMARK [1][-]{Rfn.plot.wvd.1}{plot.wvd}{}
\BOOKMARK [1][-]{Rfn.plotspec.1}{plotspec}{}
\BOOKMARK [1][-]{Rfn.projFj.1}{projFj}{}
\BOOKMARK [1][-]{Rfn.projVj.1}{projVj}{}
\BOOKMARK [1][-]{Rfn.projWj.1}{projWj}{}
\BOOKMARK [1][-]{Rfn.psyHAT.1}{psyHAT}{}
\BOOKMARK [1][-]{Rfn.rot90.1}{rot90}{}
\BOOKMARK [1][-]{Rfn.scale.1}{scale}{}
\BOOKMARK [1][-]{Rfn.scaling.Rul.YM.1}{scaling\137YM}{}
\BOOKMARK [1][-]{Rfn.speczoom.1}{speczoom}{}
\BOOKMARK [1][-]{Rfn.stoptime.1}{stoptime}{}
\BOOKMARK [1][-]{Rfn.summary.wvd.1}{summary.wvd}{}
\BOOKMARK [1][-]{Rfn.threshsum.1}{threshsum}{}
\BOOKMARK [1][-]{Rfn.waved.example.1}{waved.example}{}
\BOOKMARK [1][-]{Rfn.wavelet.Rul.YM.1}{wavelet\137YM}{}
